d:\msy kinect\second gk\gk_kinect\gk_kinect\x64\release\gk_kinect.pch
d:\msy kinect\second gk\gk_kinect\gk_kinect\x64\release\vc120.pdb
d:\msy kinect\second gk\gk_kinect\gk_kinect\x64\release\stdafx.obj
d:\msy kinect\second gk\gk_kinect\gk_kinect\x64\release\robotcore.obj
d:\msy kinect\second gk\gk_kinect\gk_kinect\x64\release\openglstatic.obj
d:\msy kinect\second gk\gk_kinect\gk_kinect\x64\release\kinectdatastream.obj
d:\msy kinect\second gk\gk_kinect\gk_kinect\x64\release\kinect2.obj
d:\msy kinect\second gk\gk_kinect\gk_kinect\x64\release\gk_kinectdlg.obj
d:\msy kinect\second gk\gk_kinect\gk_kinect\x64\release\gk_kinect.obj
d:\msy kinect\second gk\gk_kinect\gk_kinect\x64\release\depthto3d.obj
d:\msy kinect\second gk\gk_kinect\gk_kinect\x64\release\dataprocess.obj
d:\msy kinect\second gk\gk_kinect\gk_kinect\x64\release\c3dobjfile.obj
d:\msy kinect\second gk\gk_kinect\x64\release\gk_kinect.exe
d:\msy kinect\second gk\gk_kinect\x64\release\gk_kinect.pdb
d:\msy kinect\second gk\gk_kinect\gk_kinect\x64\release\gk_kinect.res
d:\msy kinect\second gk\gk_kinect\gk_kinect\x64\release\gk_kinect.tlog\cl.command.1.tlog
d:\msy kinect\second gk\gk_kinect\gk_kinect\x64\release\gk_kinect.tlog\cl.read.1.tlog
d:\msy kinect\second gk\gk_kinect\gk_kinect\x64\release\gk_kinect.tlog\cl.write.1.tlog
d:\msy kinect\second gk\gk_kinect\gk_kinect\x64\release\gk_kinect.tlog\link.command.1.tlog
d:\msy kinect\second gk\gk_kinect\gk_kinect\x64\release\gk_kinect.tlog\link.read.1.tlog
d:\msy kinect\second gk\gk_kinect\gk_kinect\x64\release\gk_kinect.tlog\link.write.1.tlog
d:\msy kinect\second gk\gk_kinect\gk_kinect\x64\release\gk_kinect.tlog\rc.command.1.tlog
d:\msy kinect\second gk\gk_kinect\gk_kinect\x64\release\gk_kinect.tlog\rc.read.1.tlog
d:\msy kinect\second gk\gk_kinect\gk_kinect\x64\release\gk_kinect.tlog\rc.write.1.tlog
