生成启动时间为 2015/6/14 21:02:13。
     1>项目“D:\MSY kinect\second gk\GK_Kinect\GK_Kinect\GK_Kinect.vcxproj”在节点 2 上(Build 个目标)。
     1>ClCompile:
         C:\Program Files (x86)\Microsoft Visual Studio 12.0\VC\bin\x86_amd64\CL.exe /c /Zi /nologo /W3 /WX- /O2 /Oi /GL /D WIN32 /D _WINDOWS /D NDEBUG /D _UNICODE /D UNICODE /D _AFXDLL /Gm- /EHsc /MD /GS /Gy /fp:precise /Zc:wchar_t /Zc:forScope /Yu"stdafx.h" /Fp"x64\Release\GK_Kinect.pch" /Fo"x64\Release\\" /Fd"x64\Release\vc120.pdb" /Gd /TP /errorReport:prompt DataProcess.cpp
         DataProcess.cpp
     1>d:\msy kinect\second gk\gk_kinect\gk_kinect\CamConstantSet.h(30): warning C4305: “初始化”: 从“double”到“const float”截断
     1>d:\msy kinect\second gk\gk_kinect\gk_kinect\CamConstantSet.h(32): warning C4305: “初始化”: 从“double”到“const float”截断
     1>c:\opencv\build\include\opencv2\flann\logger.h(66): warning C4996: 'fopen': This function or variable may be unsafe. Consider using fopen_s instead. To disable deprecation, use _CRT_SECURE_NO_WARNINGS. See online help for details.
                 C:\Program Files (x86)\Microsoft Visual Studio 12.0\VC\include\stdio.h(211) : 参见“fopen”的声明
     1>d:\msy kinect\second gk\gk_kinect\gk_kinect\abc.h(91): warning C4244: “return”: 从“double”转换到“float”，可能丢失数据
     1>d:\msy kinect\second gk\gk_kinect\gk_kinect\abc.h(75): warning C4101: “k”: 未引用的局部变量
     1>d:\msy kinect\second gk\gk_kinect\gk_kinect\abc.h(385): warning C4018: “>”: 有符号/无符号不匹配
     1>d:\msy kinect\second gk\gk_kinect\gk_kinect\abc.h(387): warning C4018: “<”: 有符号/无符号不匹配
     1>d:\msy kinect\second gk\gk_kinect\gk_kinect\abc.h(389): warning C4018: “>”: 有符号/无符号不匹配
     1>d:\msy kinect\second gk\gk_kinect\gk_kinect\abc.h(391): warning C4018: “<”: 有符号/无符号不匹配
     1>d:\msy kinect\second gk\gk_kinect\gk_kinect\abc.h(407): warning C4244: “=”: 从“int”转换到“float”，可能丢失数据
     1>d:\msy kinect\second gk\gk_kinect\gk_kinect\abc.h(131): warning C4101: “maxN”: 未引用的局部变量
     1>d:\msy kinect\second gk\gk_kinect\gk_kinect\abc.h(131): warning C4101: “maxW”: 未引用的局部变量
     1>d:\msy kinect\second gk\gk_kinect\gk_kinect\abc.h(129): warning C4101: “k”: 未引用的局部变量
     1>d:\msy kinect\second gk\gk_kinect\gk_kinect\abc.h(129): warning C4101: “l”: 未引用的局部变量
     1>d:\msy kinect\second gk\gk_kinect\gk_kinect\abc.h(337): warning C4101: “t”: 未引用的局部变量
       Link:
         C:\Program Files (x86)\Microsoft Visual Studio 12.0\VC\bin\x86_amd64\link.exe /ERRORREPORT:PROMPT /OUT:"D:\MSY kinect\second gk\GK_Kinect\x64\Release\GK_Kinect.exe" /INCREMENTAL:NO /NOLOGO kinect20.lib opengl32.lib glu32.lib opencv_calib3d249.lib opencv_contrib249.lib opencv_core249.lib opencv_features2d249.lib opencv_flann249.lib opencv_gpu249.lib opencv_highgui249.lib opencv_imgproc249.lib opencv_legacy249.lib opencv_ml249.lib opencv_nonfree249.lib opencv_objdetect249.lib opencv_ocl249.lib opencv_photo249.lib opencv_stitching249.lib opencv_superres249.lib opencv_ts249.lib opencv_video249.lib opencv_videostab249.lib /MANIFEST /MANIFESTUAC:"level='asInvoker' uiAccess='false'" /manifest:embed /manifestinput:"C:\Program Files (x86)\Microsoft Visual Studio 12.0\VC\Include\Manifest\dpiaware.manifest" /DEBUG /PDB:"D:\MSY kinect\second gk\GK_Kinect\x64\Release\GK_Kinect.pdb" /SUBSYSTEM:WINDOWS /OPT:REF /OPT:ICF /LTCG /TLBID:1 /ENTRY:"wWinMainCRTStartup" /DYNAMICBASE /NXCOMPAT /IMPLIB:"D:\MSY kinect\second gk\GK_Kinect\x64\Release\GK_Kinect.lib" /MACHINE:X64 x64\Release\GK_Kinect.res
         x64\Release\C3DObjFile.obj
         x64\Release\DataProcess.obj
         x64\Release\DepthTo3D.obj
         x64\Release\GK_Kinect.obj
         x64\Release\GK_KinectDlg.obj
         x64\Release\Kinect2.obj
         x64\Release\KinectDataStream.obj
         x64\Release\OpenGLStatic.obj
         x64\Release\RobotCore.obj
         x64\Release\stdafx.obj
         正在生成代码
         已完成代码的生成
         GK_Kinect.vcxproj -> D:\MSY kinect\second gk\GK_Kinect\x64\Release\GK_Kinect.exe
     1>已完成生成项目“D:\MSY kinect\second gk\GK_Kinect\GK_Kinect\GK_Kinect.vcxproj”(Build 个目标)的操作。

生成成功。

已用时间 00:00:02.51
