生成启动时间为 2015/6/12 0:16:57。
     1>项目“D:\MSY kinect\second gk\GK_Kinect\GK_Kinect\GK_Kinect.vcxproj”在节点 2 上(Build 个目标)。
     1>ClCompile:
         C:\Program Files (x86)\Microsoft Visual Studio 12.0\VC\bin\x86_amd64\CL.exe /c /Zi /nologo /W3 /WX- /Od /D WIN32 /D _WINDOWS /D _DEBUG /D _UNICODE /D UNICODE /D _AFXDLL /Gm /EHsc /RTC1 /MDd /GS /fp:precise /Zc:wchar_t /Zc:forScope /Yc"stdafx.h" /Fp"x64\Debug\GK_Kinect.pch" /Fo"x64\Debug\\" /Fd"x64\Debug\vc120.pdb" /Gd /TP /errorReport:prompt stdafx.cpp
         stdafx.cpp
         C:\Program Files (x86)\Microsoft Visual Studio 12.0\VC\bin\x86_amd64\CL.exe /c /Zi /nologo /W3 /WX- /Od /D WIN32 /D _WINDOWS /D _DEBUG /D _UNICODE /D UNICODE /D _AFXDLL /Gm /EHsc /RTC1 /MDd /GS /fp:precise /Zc:wchar_t /Zc:forScope /Yu"stdafx.h" /Fp"x64\Debug\GK_Kinect.pch" /Fo"x64\Debug\\" /Fd"x64\Debug\vc120.pdb" /Gd /TP /errorReport:prompt C3DObjFile.cpp DataProcess.cpp DepthTo3D.cpp GK_Kinect.cpp GK_KinectDlg.cpp Kinect2.cpp KinectDataStream.cpp OpenGLStatic.cpp RobotCore.cpp
         RobotCore.cpp
         OpenGLStatic.cpp
     1>OpenGLStatic.cpp(31): warning C4244: “=”: 从“double”转换到“float”，可能丢失数据
     1>OpenGLStatic.cpp(33): warning C4244: “=”: 从“double”转换到“float”，可能丢失数据
     1>OpenGLStatic.cpp(35): warning C4244: “=”: 从“double”转换到“float”，可能丢失数据
     1>OpenGLStatic.cpp(37): warning C4244: “=”: 从“double”转换到“float”，可能丢失数据
     1>OpenGLStatic.cpp(39): warning C4244: “=”: 从“double”转换到“float”，可能丢失数据
     1>OpenGLStatic.cpp(41): warning C4244: “=”: 从“double”转换到“float”，可能丢失数据
     1>OpenGLStatic.cpp(43): warning C4244: “=”: 从“double”转换到“float”，可能丢失数据
     1>OpenGLStatic.cpp(45): warning C4244: “=”: 从“double”转换到“float”，可能丢失数据
     1>OpenGLStatic.cpp(811): warning C4244: “参数”: 从“int”转换到“float”，可能丢失数据
     1>OpenGLStatic.cpp(812): warning C4244: “参数”: 从“int”转换到“float”，可能丢失数据
     1>OpenGLStatic.cpp(826): warning C4305: “初始化”: 从“double”到“GLfloat”截断
         KinectDataStream.cpp
     1>KinectDataStream.cpp(36): warning C4267: “初始化”: 从“size_t”转换到“int”，可能丢失数据
     1>KinectDataStream.cpp(90): warning C4244: “初始化”: 从“ULONGLONG”转换到“int”，可能丢失数据
         Kinect2.cpp
     1>Kinect2.cpp(33): warning C4244: “=”: 从“int”转换到“float”，可能丢失数据
     1>Kinect2.cpp(34): warning C4244: “=”: 从“int”转换到“float”，可能丢失数据
     1>Kinect2.cpp(272): warning C4244: “=”: 从“float”转换到“int”，可能丢失数据
     1>Kinect2.cpp(273): warning C4244: “=”: 从“float”转换到“int”，可能丢失数据
     1>Kinect2.cpp(284): warning C4244: “=”: 从“float”转换到“long”，可能丢失数据
     1>Kinect2.cpp(285): warning C4244: “=”: 从“float”转换到“long”，可能丢失数据
         GK_KinectDlg.cpp
         GK_Kinect.cpp
         DepthTo3D.cpp
     1>DepthTo3D.cpp(45): warning C4244: “初始化”: 从“double”转换到“float”，可能丢失数据
     1>DepthTo3D.cpp(49): warning C4244: “初始化”: 从“double”转换到“float”，可能丢失数据
     1>DepthTo3D.cpp(53): warning C4244: “=”: 从“double”转换到“float”，可能丢失数据
     1>DepthTo3D.cpp(63): warning C4101: “tdPoint”: 未引用的局部变量
     1>DepthTo3D.cpp(137): warning C4244: “=”: 从“double”转换到“float”，可能丢失数据
     1>DepthTo3D.cpp(138): warning C4244: “=”: 从“double”转换到“float”，可能丢失数据
     1>DepthTo3D.cpp(153): warning C4244: “+=”: 从“double”转换到“float”，可能丢失数据
         DataProcess.cpp
     1>d:\opencv\build\include\opencv2\flann\logger.h(66): warning C4996: 'fopen': This function or variable may be unsafe. Consider using fopen_s instead. To disable deprecation, use _CRT_SECURE_NO_WARNINGS. See online help for details.
                 C:\Program Files (x86)\Microsoft Visual Studio 12.0\VC\include\stdio.h(211) : 参见“fopen”的声明
     1>d:\msy kinect\second gk\gk_kinect\gk_kinect\CamConstantSet.h(30): warning C4305: “初始化”: 从“double”到“const float”截断
     1>d:\msy kinect\second gk\gk_kinect\gk_kinect\CamConstantSet.h(32): warning C4305: “初始化”: 从“double”到“const float”截断
     1>d:\msy kinect\second gk\gk_kinect\gk_kinect\abc.h(91): warning C4244: “return”: 从“double”转换到“float”，可能丢失数据
     1>d:\msy kinect\second gk\gk_kinect\gk_kinect\abc.h(75): warning C4101: “k”: 未引用的局部变量
     1>d:\msy kinect\second gk\gk_kinect\gk_kinect\abc.h(372): warning C4018: “>”: 有符号/无符号不匹配
     1>d:\msy kinect\second gk\gk_kinect\gk_kinect\abc.h(374): warning C4018: “<”: 有符号/无符号不匹配
     1>d:\msy kinect\second gk\gk_kinect\gk_kinect\abc.h(376): warning C4018: “>”: 有符号/无符号不匹配
     1>d:\msy kinect\second gk\gk_kinect\gk_kinect\abc.h(378): warning C4018: “<”: 有符号/无符号不匹配
     1>d:\msy kinect\second gk\gk_kinect\gk_kinect\abc.h(394): warning C4244: “=”: 从“int”转换到“float”，可能丢失数据
     1>d:\msy kinect\second gk\gk_kinect\gk_kinect\abc.h(131): warning C4101: “maxN”: 未引用的局部变量
     1>d:\msy kinect\second gk\gk_kinect\gk_kinect\abc.h(131): warning C4101: “maxW”: 未引用的局部变量
     1>d:\msy kinect\second gk\gk_kinect\gk_kinect\abc.h(129): warning C4101: “k”: 未引用的局部变量
     1>d:\msy kinect\second gk\gk_kinect\gk_kinect\abc.h(129): warning C4101: “l”: 未引用的局部变量
     1>d:\msy kinect\second gk\gk_kinect\gk_kinect\abc.h(337): warning C4101: “t”: 未引用的局部变量
         C3DObjFile.cpp
         正在生成代码...
       ResourceCompile:
         C:\Program Files (x86)\Windows Kits\8.1\bin\x86\rc.exe /D _DEBUG /D _UNICODE /D UNICODE /D _AFXDLL /l"0x0804" /Ix64\Debug\ /nologo /fo"x64\Debug\GK_Kinect.res" GK_Kinect.rc 
       Link:
         C:\Program Files (x86)\Microsoft Visual Studio 12.0\VC\bin\x86_amd64\link.exe /ERRORREPORT:PROMPT /OUT:"D:\MSY kinect\second gk\GK_Kinect\x64\Debug\GK_Kinect.exe" /INCREMENTAL /NOLOGO kinect20.lib opengl32.lib glu32.lib opencv_calib3d2410d.lib opencv_contrib2410d.lib opencv_core2410d.lib opencv_features2d2410d.lib opencv_flann2410d.lib opencv_gpu2410d.lib opencv_highgui2410d.lib opencv_imgproc2410d.lib opencv_legacy2410d.lib opencv_ml2410d.lib opencv_nonfree2410d.lib opencv_objdetect2410d.lib opencv_ocl2410d.lib opencv_photo2410d.lib opencv_stitching2410d.lib opencv_superres2410d.lib opencv_ts2410d.lib opencv_video2410d.lib opencv_videostab2410d.lib /MANIFEST /MANIFESTUAC:"level='asInvoker' uiAccess='false'" /manifest:embed /manifestinput:"C:\Program Files (x86)\Microsoft Visual Studio 12.0\VC\Include\Manifest\dpiaware.manifest" /DEBUG /PDB:"D:\MSY kinect\second gk\GK_Kinect\x64\Debug\GK_Kinect.pdb" /SUBSYSTEM:WINDOWS /TLBID:1 /ENTRY:"wWinMainCRTStartup" /DYNAMICBASE /NXCOMPAT /IMPLIB:"D:\MSY kinect\second gk\GK_Kinect\x64\Debug\GK_Kinect.lib" /MACHINE:X64 x64\Debug\GK_Kinect.res
         x64\Debug\C3DObjFile.obj
         x64\Debug\DataProcess.obj
         x64\Debug\DepthTo3D.obj
         x64\Debug\GK_Kinect.obj
         x64\Debug\GK_KinectDlg.obj
         x64\Debug\Kinect2.obj
         x64\Debug\KinectDataStream.obj
         x64\Debug\OpenGLStatic.obj
         x64\Debug\RobotCore.obj
         x64\Debug\stdafx.obj
         GK_Kinect.vcxproj -> D:\MSY kinect\second gk\GK_Kinect\x64\Debug\GK_Kinect.exe
     1>已完成生成项目“D:\MSY kinect\second gk\GK_Kinect\GK_Kinect\GK_Kinect.vcxproj”(Build 个目标)的操作。

生成成功。

已用时间 00:00:04.32
